<?xml version="1.0" encoding="UTF-8"?>
<!-- Generated by org.testng.reporters.JUnitReportReporter -->
<testsuite hostname="DESKTOP-FOKO1P1" failures="0" tests="1" name="qa.testcases.CreatePostTest" time="107.633" errors="0" timestamp="2024-11-12T17:15:06 BDT" skipped="0">
  <testcase classname="qa.testcases.CreatePostTest" name="BlogPostTest" time="107.633"/>
  <system-out/>
</testsuite> <!-- qa.testcases.CreatePostTest -->
