<?xml version="1.0" encoding="UTF-8"?>
<!-- Generated by org.testng.reporters.JUnitReportReporter -->
<testsuite hostname="DESKTOP-FOKO1P1" failures="0" tests="5" name="qa.testcases.SignupTest" time="265.713" errors="0" timestamp="2024-11-12T17:15:06 BDT" skipped="0">
  <testcase classname="qa.testcases.SignupTest" name="verifyRegisteringAccountWithALlField" time="48.206"/>
  <system-out/>
  <testcase classname="qa.testcases.SignupTest" name="verifyRegisteringAccountWithoutFillingAnyDetails" time="33.884"/>
  <system-out/>
  <testcase classname="qa.testcases.SignupTest" name="verifyRegisteringAccountWithALlFieldForStudent" time="58.873"/>
  <system-out/>
  <testcase classname="qa.testcases.SignupTest" name="verifyRegisteringAccountWithALlFieldForEmploy" time="74.991"/>
  <system-out/>
  <testcase classname="qa.testcases.SignupTest" name="verifyRegisteringAccountWithoutTryDifferentPassword" time="49.759"/>
  <system-out/>
</testsuite> <!-- qa.testcases.SignupTest -->
