<?xml version="1.0" encoding="UTF-8"?>
<!-- Generated by org.testng.reporters.JUnitReportReporter -->
<testsuite hostname="DESKTOP-FOKO1P1" failures="0" tests="4" name="qa.testcases.HomePageTest" time="148.840" errors="0" timestamp="2024-11-12T17:15:06 BDT" skipped="0">
  <testcase classname="qa.testcases.HomePageTest" name="TrendingPostViewTest" time="51.903"/>
  <system-out/>
  <testcase classname="qa.testcases.HomePageTest" name="PopularPostViewTest" time="20.762"/>
  <system-out/>
  <testcase classname="qa.testcases.HomePageTest" name="ExplorePostViewTest" time="25.018"/>
  <system-out/>
  <testcase classname="qa.testcases.HomePageTest" name="trendingDiscussionPostViewTest" time="51.157"/>
  <system-out/>
</testsuite> <!-- qa.testcases.HomePageTest -->
