<?xml version="1.0" encoding="UTF-8"?>
<!-- Generated by org.testng.reporters.JUnitReportReporter -->
<testsuite hostname="DESKTOP-FOKO1P1" failures="0" tests="4" name="qa.testcases.LoginTest" time="136.512" errors="0" timestamp="2024-11-12T17:15:06 BDT" skipped="0">
  <testcase classname="qa.testcases.LoginTest" name="LoginWithValidCredentials" time="36.075"/>
  <system-out/>
  <testcase classname="qa.testcases.LoginTest" name="LoginWithInvalidCredentials" time="41.965"/>
  <system-out/>
  <testcase classname="qa.testcases.LoginTest" name="LoginWithInvalidEmial" time="39.656"/>
  <system-out/>
  <testcase classname="qa.testcases.LoginTest" name="verifyLoginAccountWithEmptyField" time="18.816"/>
  <system-out/>
</testsuite> <!-- qa.testcases.LoginTest -->
